13:33:36 INFO	/data/webapp/php-v2/PROD/NEWS/2017_08_18/app-kkh-news/controller/image/Make.php	Image_MakeController	18	array (
)
13:37:20 INFO	/data/webapp/php-v2/PROD/NEWS/2017_08_18/app-kkh-news/controller/image/Make.php	Image_MakeController	18	array (
)
13:38:33 INFO	/data/webapp/php-v2/PROD/NEWS/2017_08_18/app-kkh-news/controller/image/Make.php	Image_MakeController	18	array (
)
13:54:59 INFO	/data/webapp/php-v2/PROD/NEWS/2017_08_18/app-kkh-news/controller/image/Make.php	Image_MakeController	18	array (
)
13:55:04 INFO	/data/webapp/php-v2/PROD/NEWS/2017_08_18/app-kkh-news/controller/image/Make.php	Image_MakeController	18	array (
)
13:55:54 INFO	/data/webapp/php-v2/PROD/NEWS/2017_08_18/app-kkh-news/controller/image/Make.php	Image_MakeController	18	array (
)
13:55:57 INFO	/data/webapp/php-v2/PROD/NEWS/2017_08_18/app-kkh-news/controller/image/Make.php	Image_MakeController	18	array (
)
13:56:34 INFO	/data/webapp/php-v2/PROD/NEWS/2017_08_18/app-kkh-news/controller/image/Make.php	Image_MakeController	18	array (
)
13:57:30 INFO	/data/webapp/php-v2/PROD/NEWS/2017_08_18/app-kkh-news/controller/image/Make.php	Image_MakeController	18	array (
)
13:58:04 INFO	/data/webapp/php-v2/PROD/NEWS/2017_08_18/app-kkh-news/controller/image/Make.php	Image_MakeController	18	array (
)
13:59:44 INFO	/data/webapp/php-v2/PROD/NEWS/2017_08_18/app-kkh-news/controller/image/Make.php	Image_MakeController	18	array (
)
14:01:36 INFO	/data/webapp/php-v2/PROD/NEWS/2017_08_18/app-kkh-news/controller/image/Make.php	Image_MakeController	18	array (
)
14:01:53 INFO	/data/webapp/php-v2/PROD/NEWS/2017_08_18/app-kkh-news/controller/image/Make.php	Image_MakeController	18	array (
)
14:04:12 INFO	/data/webapp/php-v2/PROD/NEWS/2017_08_18/app-kkh-news/controller/image/Make.php	Image_MakeController	18	array (
)
14:05:18 INFO	/data/webapp/php-v2/PROD/NEWS/2017_08_18/app-kkh-news/controller/image/Make.php	Image_MakeController	18	array (
)
14:07:55 INFO	/data/webapp/php-v2/PROD/NEWS/2017_08_18/app-kkh-news/controller/image/Make.php	Image_MakeController	18	array (
)
14:08:20 INFO	/data/webapp/php-v2/PROD/NEWS/2017_08_18/app-kkh-news/controller/image/Make.php	Image_MakeController	18	array (
)
14:08:35 INFO	/data/webapp/php-v2/PROD/NEWS/2017_08_18/app-kkh-news/controller/image/Make.php	Image_MakeController	18	array (
)
14:09:24 INFO	/data/webapp/php-v2/PROD/NEWS/2017_08_18/app-kkh-news/controller/image/Make.php	Image_MakeController	18	array (
)
14:10:02 INFO	/data/webapp/php-v2/PROD/NEWS/2017_08_18/app-kkh-news/controller/image/Make.php	Image_MakeController	18	array (
)
14:11:01 INFO	/data/webapp/php-v2/PROD/NEWS/2017_08_18/app-kkh-news/controller/image/Make.php	Image_MakeController	18	array (
)
14:11:25 INFO	/data/webapp/php-v2/PROD/NEWS/2017_08_18/app-kkh-news/controller/image/Make.php	Image_MakeController	18	array (
)
14:12:01 INFO	/data/webapp/php-v2/PROD/NEWS/2017_08_18/app-kkh-news/controller/image/Make.php	Image_MakeController	18	array (
)
14:12:11 INFO	/data/webapp/php-v2/PROD/NEWS/2017_08_18/app-kkh-news/controller/image/Make.php	Image_MakeController	18	array (
)
14:13:14 INFO	/data/webapp/php-v2/PROD/NEWS/2017_08_18/app-kkh-news/controller/image/Make.php	Image_MakeController	18	array (
)
14:13:31 INFO	/data/webapp/php-v2/PROD/NEWS/2017_08_18/app-kkh-news/controller/image/Make.php	Image_MakeController	18	array (
)
14:14:44 INFO	/data/webapp/php-v2/PROD/NEWS/2017_08_18/app-kkh-news/controller/image/Make.php	Image_MakeController	18	array (
)
14:14:50 INFO	/data/webapp/php-v2/PROD/NEWS/2017_08_18/app-kkh-news/controller/image/Make.php	Image_MakeController	18	array (
)
14:16:39 INFO	/data/webapp/php-v2/PROD/NEWS/2017_08_18/app-kkh-news/controller/image/Make.php	Image_MakeController	18	array (
)
14:17:42 INFO	/data/webapp/php-v2/PROD/NEWS/2017_08_18/app-kkh-news/controller/image/Make.php	Image_MakeController	18	array (
)
14:18:26 INFO	/data/webapp/php-v2/PROD/NEWS/2017_08_18/app-kkh-news/controller/image/Make.php	Image_MakeController	18	array (
)
14:18:50 INFO	/data/webapp/php-v2/PROD/NEWS/2017_08_18/app-kkh-news/controller/image/Make.php	Image_MakeController	18	array (
)
14:20:16 INFO	/data/webapp/php-v2/PROD/NEWS/2017_08_18/app-kkh-news/controller/image/Make.php	Image_MakeController	18	array (
)
14:20:37 INFO	/data/webapp/php-v2/PROD/NEWS/2017_08_18/app-kkh-news/controller/image/Make.php	Image_MakeController	18	array (
)
14:21:28 INFO	/data/webapp/php-v2/PROD/NEWS/2017_08_18/app-kkh-news/controller/image/Make.php	Image_MakeController	18	array (
)
14:27:09 INFO	/data/webapp/php-v2/PROD/NEWS/2017_08_18/app-kkh-news/controller/image/Make.php	Image_MakeController	18	array (
  'avatar' => 'https://image.baidu.com/search/detail?ct=503316480',
  'z' => '0',
  'ipn' => 'd',
  'word' => '欢度国庆',
  'step_word' => '',
  'hs' => '0',
  'pn' => '874',
  'spn' => '0',
  'di' => '92400',
  'pi' => '',
  'rn' => '1',
  'tn' => 'baiduimagedetail',
  'is' => '0,0',
  'istype' => '0',
  'ie' => 'utf-8',
  'oe' => 'utf-8',
  'in' => '',
  'cl' => '2',
  'lm' => '-1',
  'st' => 'undefined',
  'cs' => '3944212116,357190943',
  'os' => '3196030464,2149764991',
  'simid' => '0,0',
  'lpn' => '0',
  'ln' => '876',
  'fr' => '',
  'fmq' => '1569299628244_R',
  'fm' => '',
  'ic' => 'undefined',
  's' => 'undefined',
  'hd' => 'undefined',
  'latest' => 'undefined',
  'copyright' => 'undefined',
  'se' => '',
  'sme' => '',
  'tab' => '0',
  'width' => 'undefined',
  'height' => 'undefined',
  'face' => 'undefined',
  'ist' => '',
  'jit' => '',
  'cg' => '',
  'bdtype' => '0',
  'oriquery' => '',
  'objurl' => 'http://www.mianfeiwendang.com/pic/f62fc77494beddee17a34388265b071485d1da82/1-903-png_6_0_0_-11_10_458_503_1263.06_892.979-850-0-2465-850.jpg',
  'fromurl' => 'ippr_z2C$qAzdH3FAzdH3Fooo_z&e3B4twgujtojg1wg2_z&e3Bv54AzdH3F15vAzdH3Fumduv009l9kj11jj80wn9nbbdmcka089bc181wbd',
  'gsm' => '',
  'rpstart' => '0',
  'rpnum' => '0',
  'islist' => '',
  'querylist' => '',
  'force' => 'undefined',
)
14:29:36 INFO	/data/webapp/php-v2/PROD/NEWS/2017_08_18/app-kkh-news/controller/image/Make.php	Image_MakeController	18	array (
)
14:31:02 INFO	/data/webapp/php-v2/PROD/NEWS/2017_08_18/app-kkh-news/controller/image/Make.php	Image_MakeController	18	array (
)
14:31:30 INFO	/data/webapp/php-v2/PROD/NEWS/2017_08_18/app-kkh-news/controller/image/Make.php	Image_MakeController	18	array (
)
14:32:19 INFO	/data/webapp/php-v2/PROD/NEWS/2017_08_18/app-kkh-news/controller/image/Make.php	Image_MakeController	18	array (
)
14:32:52 INFO	/data/webapp/php-v2/PROD/NEWS/2017_08_18/app-kkh-news/controller/image/Make.php	Image_MakeController	18	array (
  'avatar' => 'https://wx.qlogo.cn/mmopen/vi_32/DYAIOgq83erWTbX1VBjSUHcBkym2HD4N0heeZAO0Mm0eYRVickL1LjpjdicnUyyMrgVT6yticibqia6MflI7SjPic7aw/132',
)
14:33:41 INFO	/data/webapp/php-v2/PROD/NEWS/2017_08_18/app-kkh-news/controller/image/Make.php	Image_MakeController	18	array (
  'avatar' => 'https://wx.qlogo.cn/mmopen/vi_32/DYAIOgq83erWTbX1VBjSUHcBkym2HD4N0heeZAO0Mm0eYRVickL1LjpjdicnUyyMrgVT6yticibqia6MflI7SjPic7aw/132',
)
14:37:50 INFO	/data/webapp/php-v2/PROD/NEWS/2017_08_18/app-kkh-news/controller/image/Make.php	Image_MakeController	18	array (
  'avatar' => 'https://wx.qlogo.cn/mmopen/vi_32/DYAIOgq83erWTbX1VBjSUHcBkym2HD4N0heeZAO0Mm0eYRVickL1LjpjdicnUyyMrgVT6yticibqia6MflI7SjPic7aw/132',
)
14:38:21 INFO	/data/webapp/php-v2/PROD/NEWS/2017_08_18/app-kkh-news/controller/image/Make.php	Image_MakeController	18	array (
  'avatar' => 'https://wx.qlogo.cn/mmopen/vi_32/DYAIOgq83erWTbX1VBjSUHcBkym2HD4N0heeZAO0Mm0eYRVickL1LjpjdicnUyyMrgVT6yticibqia6MflI7SjPic7aw/132',
)
15:26:58 INFO	/data/webapp/php-v2/PROD/NEWS/2017_08_18/app-kkh-news/controller/image/Make.php	Image_MakeController	18	array (
  'avatar' => 'https://wx.qlogo.cn/mmopen/vi_32/DYAIOgq83erWTbX1VBjSUHcBkym2HD4N0heeZAO0Mm0eYRVickL1LjpjdicnUyyMrgVT6yticibqia6MflI7SjPic7aw/132',
)
15:29:28 INFO	/data/webapp/php-v2/PROD/NEWS/2017_08_18/app-kkh-news/controller/image/Make.php	Image_MakeController	18	array (
  'avatar' => 'https://wx.qlogo.cn/mmopen/vi_32/DYAIOgq83erWTbX1VBjSUHcBkym2HD4N0heeZAO0Mm0eYRVickL1LjpjdicnUyyMrgVT6yticibqia6MflI7SjPic7aw/132',
)
15:37:52 INFO	/data/webapp/php-v2/PROD/NEWS/2017_08_18/app-kkh-news/controller/image/Make.php	Image_MakeController	18	array (
  'avatar' => '[object Object]',
)
15:38:15 INFO	/data/webapp/php-v2/PROD/NEWS/2017_08_18/app-kkh-news/controller/image/Make.php	Image_MakeController	18	array (
  'avatar' => '[object Object]',
)
15:38:39 INFO	/data/webapp/php-v2/PROD/NEWS/2017_08_18/app-kkh-news/controller/image/Make.php	Image_MakeController	18	array (
  'avatar' => '[object Object]',
)
15:40:03 INFO	/data/webapp/php-v2/PROD/NEWS/2017_08_18/app-kkh-news/controller/image/Make.php	Image_MakeController	18	array (
  'avatar' => '[object Object]',
)
15:41:51 INFO	/data/webapp/php-v2/PROD/NEWS/2017_08_18/app-kkh-news/controller/image/Make.php	Image_MakeController	18	array (
  'avatar' => 'https://wx.qlogo.cn/mmopen/vi_32/DYAIOgq83erWTbX1VBjSUHcBkym2HD4N0heeZAO0Mm0eYRVickL1LjpjdicnUyyMrgVT6yticibqia6MflI7SjPic7aw/132',
)
15:47:46 INFO	/data/webapp/php-v2/PROD/NEWS/2017_08_18/app-kkh-news/controller/image/Make.php	Image_MakeController	18	array (
  'avatar' => '[object Object]',
)
15:48:04 INFO	/data/webapp/php-v2/PROD/NEWS/2017_08_18/app-kkh-news/controller/image/Make.php	Image_MakeController	18	array (
  'avatar' => '[object Object]',
)
15:48:15 INFO	/data/webapp/php-v2/PROD/NEWS/2017_08_18/app-kkh-news/controller/image/Make.php	Image_MakeController	18	array (
  'avatar' => 'https://wx.qlogo.cn/mmopen/vi_32/DYAIOgq83erWTbX1VBjSUHcBkym2HD4N0heeZAO0Mm0eYRVickL1LjpjdicnUyyMrgVT6yticibqia6MflI7SjPic7aw/132',
)
15:48:16 INFO	/data/webapp/php-v2/PROD/NEWS/2017_08_18/app-kkh-news/controller/image/Make.php	Image_MakeController	18	array (
  'avatar' => 'https://wx.qlogo.cn/mmopen/vi_32/DYAIOgq83erWTbX1VBjSUHcBkym2HD4N0heeZAO0Mm0eYRVickL1LjpjdicnUyyMrgVT6yticibqia6MflI7SjPic7aw/132',
)
15:48:45 INFO	/data/webapp/php-v2/PROD/NEWS/2017_08_18/app-kkh-news/controller/image/Make.php	Image_MakeController	18	array (
  'avatar' => '[object Object]',
)
15:49:46 INFO	/data/webapp/php-v2/PROD/NEWS/2017_08_18/app-kkh-news/controller/image/Make.php	Image_MakeController	18	array (
  'avatar' => 'https://wx.qlogo.cn/mmopen/vi_32/DYAIOgq83erWTbX1VBjSUHcBkym2HD4N0heeZAO0Mm0eYRVickL1LjpjdicnUyyMrgVT6yticibqia6MflI7SjPic7aw/132',
)
15:49:46 INFO	/data/webapp/php-v2/PROD/NEWS/2017_08_18/app-kkh-news/controller/image/Make.php	Image_MakeController	18	array (
  'avatar' => 'https://wx.qlogo.cn/mmopen/vi_32/DYAIOgq83erWTbX1VBjSUHcBkym2HD4N0heeZAO0Mm0eYRVickL1LjpjdicnUyyMrgVT6yticibqia6MflI7SjPic7aw/132',
)
15:50:46 INFO	/data/webapp/php-v2/PROD/NEWS/2017_08_18/app-kkh-news/controller/image/Make.php	Image_MakeController	18	array (
  'avatar' => 'https://wx.qlogo.cn/mmopen/vi_32/DYAIOgq83erWTbX1VBjSUHcBkym2HD4N0heeZAO0Mm0eYRVickL1LjpjdicnUyyMrgVT6yticibqia6MflI7SjPic7aw/132',
)
15:50:50 INFO	/data/webapp/php-v2/PROD/NEWS/2017_08_18/app-kkh-news/controller/image/Make.php	Image_MakeController	18	array (
  'avatar' => 'https://wx.qlogo.cn/mmopen/vi_32/DYAIOgq83erWTbX1VBjSUHcBkym2HD4N0heeZAO0Mm0eYRVickL1LjpjdicnUyyMrgVT6yticibqia6MflI7SjPic7aw/132',
)
15:51:17 INFO	/data/webapp/php-v2/PROD/NEWS/2017_08_18/app-kkh-news/controller/image/Make.php	Image_MakeController	18	array (
  'avatar' => '[object Object]',
)
15:51:25 INFO	/data/webapp/php-v2/PROD/NEWS/2017_08_18/app-kkh-news/controller/image/Make.php	Image_MakeController	18	array (
  'avatar' => '[object Object]',
)
15:51:29 INFO	/data/webapp/php-v2/PROD/NEWS/2017_08_18/app-kkh-news/controller/image/Make.php	Image_MakeController	18	array (
  'avatar' => '[object Object]',
)
15:51:30 INFO	/data/webapp/php-v2/PROD/NEWS/2017_08_18/app-kkh-news/controller/image/Make.php	Image_MakeController	18	array (
  'avatar' => '[object Object]',
)
15:51:30 INFO	/data/webapp/php-v2/PROD/NEWS/2017_08_18/app-kkh-news/controller/image/Make.php	Image_MakeController	18	array (
  'avatar' => '[object Object]',
)
15:51:30 INFO	/data/webapp/php-v2/PROD/NEWS/2017_08_18/app-kkh-news/controller/image/Make.php	Image_MakeController	18	array (
  'avatar' => '[object Object]',
)
15:51:31 INFO	/data/webapp/php-v2/PROD/NEWS/2017_08_18/app-kkh-news/controller/image/Make.php	Image_MakeController	18	array (
  'avatar' => '[object Object]',
)
15:51:31 INFO	/data/webapp/php-v2/PROD/NEWS/2017_08_18/app-kkh-news/controller/image/Make.php	Image_MakeController	18	array (
  'avatar' => '[object Object]',
)
15:51:31 INFO	/data/webapp/php-v2/PROD/NEWS/2017_08_18/app-kkh-news/controller/image/Make.php	Image_MakeController	18	array (
  'avatar' => '[object Object]',
)
15:51:32 INFO	/data/webapp/php-v2/PROD/NEWS/2017_08_18/app-kkh-news/controller/image/Make.php	Image_MakeController	18	array (
  'avatar' => '[object Object]',
)
15:51:32 INFO	/data/webapp/php-v2/PROD/NEWS/2017_08_18/app-kkh-news/controller/image/Make.php	Image_MakeController	18	array (
  'avatar' => '[object Object]',
)
15:51:32 INFO	/data/webapp/php-v2/PROD/NEWS/2017_08_18/app-kkh-news/controller/image/Make.php	Image_MakeController	18	array (
  'avatar' => '[object Object]',
)
15:51:33 INFO	/data/webapp/php-v2/PROD/NEWS/2017_08_18/app-kkh-news/controller/image/Make.php	Image_MakeController	18	array (
  'avatar' => '[object Object]',
)
15:51:33 INFO	/data/webapp/php-v2/PROD/NEWS/2017_08_18/app-kkh-news/controller/image/Make.php	Image_MakeController	18	array (
  'avatar' => '[object Object]',
)
15:51:33 INFO	/data/webapp/php-v2/PROD/NEWS/2017_08_18/app-kkh-news/controller/image/Make.php	Image_MakeController	18	array (
  'avatar' => '[object Object]',
)
15:51:34 INFO	/data/webapp/php-v2/PROD/NEWS/2017_08_18/app-kkh-news/controller/image/Make.php	Image_MakeController	18	array (
  'avatar' => '[object Object]',
)
15:51:34 INFO	/data/webapp/php-v2/PROD/NEWS/2017_08_18/app-kkh-news/controller/image/Make.php	Image_MakeController	18	array (
  'avatar' => '[object Object]',
)
15:51:34 INFO	/data/webapp/php-v2/PROD/NEWS/2017_08_18/app-kkh-news/controller/image/Make.php	Image_MakeController	18	array (
  'avatar' => '[object Object]',
)
15:51:35 INFO	/data/webapp/php-v2/PROD/NEWS/2017_08_18/app-kkh-news/controller/image/Make.php	Image_MakeController	18	array (
  'avatar' => '[object Object]',
)
15:51:35 INFO	/data/webapp/php-v2/PROD/NEWS/2017_08_18/app-kkh-news/controller/image/Make.php	Image_MakeController	18	array (
  'avatar' => '[object Object]',
)
15:51:35 INFO	/data/webapp/php-v2/PROD/NEWS/2017_08_18/app-kkh-news/controller/image/Make.php	Image_MakeController	18	array (
  'avatar' => '[object Object]',
)
15:51:36 INFO	/data/webapp/php-v2/PROD/NEWS/2017_08_18/app-kkh-news/controller/image/Make.php	Image_MakeController	18	array (
  'avatar' => '[object Object]',
)
15:51:36 INFO	/data/webapp/php-v2/PROD/NEWS/2017_08_18/app-kkh-news/controller/image/Make.php	Image_MakeController	18	array (
  'avatar' => '[object Object]',
)
15:51:36 INFO	/data/webapp/php-v2/PROD/NEWS/2017_08_18/app-kkh-news/controller/image/Make.php	Image_MakeController	18	array (
  'avatar' => '[object Object]',
)
15:51:37 INFO	/data/webapp/php-v2/PROD/NEWS/2017_08_18/app-kkh-news/controller/image/Make.php	Image_MakeController	18	array (
  'avatar' => '[object Object]',
)
15:51:37 INFO	/data/webapp/php-v2/PROD/NEWS/2017_08_18/app-kkh-news/controller/image/Make.php	Image_MakeController	18	array (
  'avatar' => '[object Object]',
)
15:51:38 INFO	/data/webapp/php-v2/PROD/NEWS/2017_08_18/app-kkh-news/controller/image/Make.php	Image_MakeController	18	array (
  'avatar' => '[object Object]',
)
15:51:38 INFO	/data/webapp/php-v2/PROD/NEWS/2017_08_18/app-kkh-news/controller/image/Make.php	Image_MakeController	18	array (
  'avatar' => '[object Object]',
)
15:51:38 INFO	/data/webapp/php-v2/PROD/NEWS/2017_08_18/app-kkh-news/controller/image/Make.php	Image_MakeController	18	array (
  'avatar' => '[object Object]',
)
15:51:39 INFO	/data/webapp/php-v2/PROD/NEWS/2017_08_18/app-kkh-news/controller/image/Make.php	Image_MakeController	18	array (
  'avatar' => '[object Object]',
)
15:52:02 INFO	/data/webapp/php-v2/PROD/NEWS/2017_08_18/app-kkh-news/controller/image/Make.php	Image_MakeController	18	array (
  'avatar' => 'https://wx.qlogo.cn/mmopen/vi_32/DYAIOgq83erWTbX1VBjSUHcBkym2HD4N0heeZAO0Mm0eYRVickL1LjpjdicnUyyMrgVT6yticibqia6MflI7SjPic7aw/132',
)
15:52:03 INFO	/data/webapp/php-v2/PROD/NEWS/2017_08_18/app-kkh-news/controller/image/Make.php	Image_MakeController	18	array (
  'avatar' => 'https://wx.qlogo.cn/mmopen/vi_32/DYAIOgq83erWTbX1VBjSUHcBkym2HD4N0heeZAO0Mm0eYRVickL1LjpjdicnUyyMrgVT6yticibqia6MflI7SjPic7aw/132',
)
15:52:48 INFO	/data/webapp/php-v2/PROD/NEWS/2017_08_18/app-kkh-news/controller/image/Make.php	Image_MakeController	18	array (
  'avatar' => 'https://wx.qlogo.cn/mmopen/vi_32/DYAIOgq83erWTbX1VBjSUHcBkym2HD4N0heeZAO0Mm0eYRVickL1LjpjdicnUyyMrgVT6yticibqia6MflI7SjPic7aw/132',
)
15:53:53 INFO	/data/webapp/php-v2/PROD/NEWS/2017_08_18/app-kkh-news/controller/image/Make.php	Image_MakeController	18	array (
  'avatar' => 'https://wx.qlogo.cn/mmopen/vi_32/DYAIOgq83erWTbX1VBjSUHcBkym2HD4N0heeZAO0Mm0eYRVickL1LjpjdicnUyyMrgVT6yticibqia6MflI7SjPic7aw/132',
)
15:54:00 INFO	/data/webapp/php-v2/PROD/NEWS/2017_08_18/app-kkh-news/controller/image/Make.php	Image_MakeController	18	array (
  'avatar' => 'https://wx.qlogo.cn/mmopen/vi_32/DYAIOgq83erWTbX1VBjSUHcBkym2HD4N0heeZAO0Mm0eYRVickL1LjpjdicnUyyMrgVT6yticibqia6MflI7SjPic7aw/132',
)
15:57:10 INFO	/data/webapp/php-v2/PROD/NEWS/2017_08_18/app-kkh-news/controller/image/Make.php	Image_MakeController	18	array (
  'avatar' => '[object Object]',
)
15:58:19 INFO	/data/webapp/php-v2/PROD/NEWS/2017_08_18/app-kkh-news/controller/image/Make.php	Image_MakeController	18	array (
  'avatar' => '[object Object]',
)
15:59:50 INFO	/data/webapp/php-v2/PROD/NEWS/2017_08_18/app-kkh-news/controller/image/Make.php	Image_MakeController	18	array (
  'avatar' => '[object Object]',
)
16:00:47 INFO	/data/webapp/php-v2/PROD/NEWS/2017_08_18/app-kkh-news/controller/image/Make.php	Image_MakeController	18	array (
  'avatar' => 'https://wx.qlogo.cn/mmopen/vi_32/DYAIOgq83erWTbX1VBjSUHcBkym2HD4N0heeZAO0Mm0eYRVickL1LjpjdicnUyyMrgVT6yticibqia6MflI7SjPic7aw/132',
)
16:00:49 INFO	/data/webapp/php-v2/PROD/NEWS/2017_08_18/app-kkh-news/controller/image/Make.php	Image_MakeController	18	array (
  'avatar' => 'https://wx.qlogo.cn/mmopen/vi_32/DYAIOgq83erWTbX1VBjSUHcBkym2HD4N0heeZAO0Mm0eYRVickL1LjpjdicnUyyMrgVT6yticibqia6MflI7SjPic7aw/132',
)
16:12:48 INFO	/data/webapp/php-v2/PROD/NEWS/2017_08_18/app-kkh-news/controller/image/Make.php	Image_MakeController	18	array (
  'avatar' => 'https://wx.qlogo.cn/mmopen/vi_32/4kF5cFK9MN6SfY0qodUR9RSVf7lPVaCjpbJYeI2iaxic7atjo7TwnOvGsVUmaVmO2Q9cbNl0k5bDJkEdXDTFLNPA/132',
)
16:12:48 INFO	/data/webapp/php-v2/PROD/NEWS/2017_08_18/app-kkh-news/controller/image/Make.php	Image_MakeController	18	array (
  'avatar' => 'https://wx.qlogo.cn/mmopen/vi_32/PiajxSqBRaELu5qzjRkmkZcblx1nmNG6yMACetEKvyuEVJptxKpFyXA1Whkb11IBEjnRniatvumX3icqvNw8b5Swg/132',
)
16:12:50 INFO	/data/webapp/php-v2/PROD/NEWS/2017_08_18/app-kkh-news/controller/image/Make.php	Image_MakeController	18	array (
  'avatar' => 'https://wx.qlogo.cn/mmopen/vi_32/PiajxSqBRaELu5qzjRkmkZcblx1nmNG6yMACetEKvyuEVJptxKpFyXA1Whkb11IBEjnRniatvumX3icqvNw8b5Swg/132',
)
16:12:50 INFO	/data/webapp/php-v2/PROD/NEWS/2017_08_18/app-kkh-news/controller/image/Make.php	Image_MakeController	18	array (
  'avatar' => 'https://wx.qlogo.cn/mmopen/vi_32/4kF5cFK9MN6SfY0qodUR9RSVf7lPVaCjpbJYeI2iaxic7atjo7TwnOvGsVUmaVmO2Q9cbNl0k5bDJkEdXDTFLNPA/132',
)
16:13:14 INFO	/data/webapp/php-v2/PROD/NEWS/2017_08_18/app-kkh-news/controller/image/Make.php	Image_MakeController	18	array (
  'avatar' => 'https://wx.qlogo.cn/mmopen/vi_32/DYAIOgq83erWTbX1VBjSUHcBkym2HD4N0heeZAO0Mm0eYRVickL1LjpjdicnUyyMrgVT6yticibqia6MflI7SjPic7aw/132',
)
16:13:14 INFO	/data/webapp/php-v2/PROD/NEWS/2017_08_18/app-kkh-news/controller/image/Make.php	Image_MakeController	18	array (
  'avatar' => 'https://wx.qlogo.cn/mmopen/vi_32/DYAIOgq83erWTbX1VBjSUHcBkym2HD4N0heeZAO0Mm0eYRVickL1LjpjdicnUyyMrgVT6yticibqia6MflI7SjPic7aw/132',
)
16:13:50 INFO	/data/webapp/php-v2/PROD/NEWS/2017_08_18/app-kkh-news/controller/image/Make.php	Image_MakeController	18	array (
  'avatar' => 'https://wx.qlogo.cn/mmopen/vi_32/DYAIOgq83erWTbX1VBjSUHcBkym2HD4N0heeZAO0Mm0eYRVickL1LjpjdicnUyyMrgVT6yticibqia6MflI7SjPic7aw/132',
)
16:13:54 INFO	/data/webapp/php-v2/PROD/NEWS/2017_08_18/app-kkh-news/controller/image/Make.php	Image_MakeController	18	array (
  'avatar' => 'https://wx.qlogo.cn/mmopen/vi_32/DYAIOgq83erWTbX1VBjSUHcBkym2HD4N0heeZAO0Mm0eYRVickL1LjpjdicnUyyMrgVT6yticibqia6MflI7SjPic7aw/132',
)
16:34:53 INFO	/data/webapp/php-v2/PROD/NEWS/2017_08_18/app-kkh-news/controller/image/Make.php	Image_MakeController	18	array (
  'avatar' => 'https://wx.qlogo.cn/mmopen/vi_32/DYAIOgq83erWTbX1VBjSUHcBkym2HD4N0heeZAO0Mm0eYRVickL1LjpjdicnUyyMrgVT6yticibqia6MflI7SjPic7aw/132',
)
16:35:03 INFO	/data/webapp/php-v2/PROD/NEWS/2017_08_18/app-kkh-news/controller/image/Make.php	Image_MakeController	18	array (
  'avatar' => 'https://wx.qlogo.cn/mmopen/vi_32/DYAIOgq83erWTbX1VBjSUHcBkym2HD4N0heeZAO0Mm0eYRVickL1LjpjdicnUyyMrgVT6yticibqia6MflI7SjPic7aw/132',
)
16:35:04 INFO	/data/webapp/php-v2/PROD/NEWS/2017_08_18/app-kkh-news/controller/image/Make.php	Image_MakeController	18	array (
  'avatar' => 'https://wx.qlogo.cn/mmopen/vi_32/DYAIOgq83erWTbX1VBjSUHcBkym2HD4N0heeZAO0Mm0eYRVickL1LjpjdicnUyyMrgVT6yticibqia6MflI7SjPic7aw/132',
)
17:09:20 INFO	/data/webapp/php-v2/PROD/NEWS/2017_08_18/app-kkh-news/controller/image/Make.php	Image_MakeController	18	array (
  'avatar' => 'https://wx.qlogo.cn/mmopen/vi_32/DYAIOgq83erWTbX1VBjSUHcBkym2HD4N0heeZAO0Mm0eYRVickL1LjpjdicnUyyMrgVT6yticibqia6MflI7SjPic7aw/132',
)
20:47:10 INFO	/data/webapp/php-v2/PROD/NEWS/2017_08_18/app-kkh-news/controller/image/Make.php	Image_MakeController	18	array (
  'avatar' => 'https://wx.qlogo.cn/mmopen/vi_32/DYAIOgq83erWTbX1VBjSUHcBkym2HD4N0heeZAO0Mm0eYRVickL1LjpjdicnUyyMrgsGCAazliaUFJRUr8ico8Gicxw/132',
)
